<?xml version="1.0" encoding="UTF-8"?>
<!-- Generated by org.testng.reporters.JUnitReportReporter -->
<testsuite hostname="DESKTOP-KUVA9G5" failures="0" tests="1" name="tests.T01_LoginTest" time="3.440" errors="0" timestamp="2025-03-27T02:09:03 EET" skipped="0">
  <testcase classname="tests.T01_LoginTest" name="loginUsingValidData" time="3.440"/>
</testsuite> <!-- tests.T01_LoginTest -->
